<?xml version="1.0" encoding="utf-8"?><testsuites name="pytest tests"><testsuite name="pytest" errors="0" failures="0" skipped="0" tests="9" time="0.900" timestamp="2026-08-08T03:08:05.209828+00:00" hostname="agent-env-ccd398e3-189d-4a4f-bc0b-8325c253fd2b"><testcase classname="tests.test_gas_emulator.TestAddAndTrigger" name="test_add_lamaran_creates_row" time="0.353" /><testcase classname="tests.test_gas_emulator.TestGetAllData" name="test_get_all_data_ok" time="0.227" /><testcase classname="tests.test_gas_emulator.TestGetAllData" name="test_all_rows_have_row_index" time="0.043" /><testcase classname="tests.test_gas_emulator.TestGetAllData" name="test_log_has_required_fields" time="0.043" /><testcase classname="tests.test_gas_emulator.TestGetAllData" name="test_inbox_has_kategori_and_poin" time="0.043" /><testcase classname="tests.test_gas_emulator.TestSyncReferensi" name="test_sync_repopulates_referensi" time="0.096" /><testcase classname="tests.test_gas_emulator.TestGetAllData" name="test_unknown_get_action" time="0.043" /><testcase classname="tests.test_gas_emulator.TestUpdateFollowup" name="test_update_followup_text_persists" time="0.175" /><testcase classname="tests.test_gas_emulator.TestUnknownAction" name="test_unknown_post_action" time="0.047" /></testsuite></testsuites>