<?xml version="1.0" encoding="utf-8"?><testsuites name="pytest tests"><testsuite name="pytest" errors="0" failures="0" skipped="0" tests="8" time="5.910" timestamp="2026-08-08T03:54:53.369246+00:00" hostname="agent-env-ccd398e3-189d-4a4f-bc0b-8325c253fd2b"><testcase classname="tests.test_bridge.TestBridgeReadRealGAS" name="test_get_all_data_real_gas_ok_and_non_empty" time="3.029" /><testcase classname="tests.test_bridge.TestBridgeWriteDemo" name="test_add_lamaran_then_verify" time="0.425" /><testcase classname="tests.test_bridge.TestBridgeWriteDemo" name="test_sync_referensi" time="0.094" /><testcase classname="tests.test_bridge.TestBridgeWriteDemo" name="test_update_status_tindak_lanjut" time="0.157" /><testcase classname="tests.test_bridge.TestSafety" name="test_unknown_action_demo_returns_error" time="0.048" /><testcase classname="tests.test_bridge.TestBridgeReadRealGAS" name="test_real_gas_expected_company_present" time="2.460" /><testcase classname="tests.test_bridge.TestBridgeReadDemo" name="test_demo_get_all_data" time="0.043" /><testcase classname="tests.test_bridge.TestBridgeReadDemo" name="test_demo_empty_target_also_demo" time="0.051" /></testsuite></testsuites>